\BOOKMARK [2][]{Outline0.1}{Motivation}{}% 1
\BOOKMARK [2][]{Outline0.2}{Methodology}{}% 2
\BOOKMARK [2][]{Outline0.3}{1. What has been done so far...}{}% 3
\BOOKMARK [2][]{Outline0.4}{1. Graphes}{}% 4
<<<<<<< Updated upstream
\BOOKMARK [2][]{Outline0.5}{2. Graphes}{}% 5
\BOOKMARK [2][]{Outline0.6}{2.1 Graphes}{}% 6
\BOOKMARK [2][]{Outline0.7}{3. Graphes}{}% 7
\BOOKMARK [2][]{Outline0.8}{3.1 Graphes}{}% 8
\BOOKMARK [2][]{Outline0.9}{Issues}{}% 9
\BOOKMARK [2][]{Outline0.10}{Future works}{}% 10
\BOOKMARK [2][]{Outline0.11}{End}{}% 11
=======
\BOOKMARK [2][]{Outline0.5}{2. What has been done so far...}{}% 5
\BOOKMARK [2][]{Outline0.6}{2. Graphes}{}% 6
\BOOKMARK [2][]{Outline0.7}{2.1 Graphes}{}% 7
\BOOKMARK [2][]{Outline0.8}{3. What has been done so far...}{}% 8
\BOOKMARK [2][]{Outline0.9}{3. Graphes}{}% 9
\BOOKMARK [2][]{Outline0.10}{3.1 Graphes}{}% 10
\BOOKMARK [2][]{Outline0.11}{4. What has been done so far...}{}% 11
\BOOKMARK [2][]{Outline0.12}{Issues}{}% 12
\BOOKMARK [2][]{Outline0.13}{Future works}{}% 13
\BOOKMARK [2][]{Outline0.14}{End}{}% 14
>>>>>>> Stashed changes
